<?xml version="1.0" encoding="utf-8" ?>
<!DOCTYPE html PUBLIC "-//W3C//DTD XHTML 1.0 Strict//EN"
        "http://www.w3.org/TR/xhtml1/DTD/xhtml1-strict.dtd">
<html xmlns="http://www.w3.org/1999/xhtml" xml:lang="" lang="">
<head>
  <title>Test Results Report - Test-Page Object Model</title>
  <meta http-equiv="Content-Type" content="text/html;charset=utf-8" />
  <meta name="description" content="TestNG unit test results." />
  <link href="reportng.css" rel="stylesheet" type="text/css" />
    <script type="text/javascript" src="reportng.js"></script>
</head>
<body>
<h1>Test-Page Object Model</h1>
<p>
  Test duration: 36.786s
</p>

  <table class="resultsTable configTable">
    <tr><th colspan="3" class="header failedConfig">Failed Configuration</th></tr>
              <tr class="group">
        <td colspan="3">testCases.SurveySetupTest</td>
      </tr>
            
<tr>
  <td class="method">
                  tearDown
      </td>
  <td class="duration">
    5.596s
  </td>
  <td class="result">
        
    
        

        <a href="javascript:toggleElement('exception-0', 'block')" title="Click to expand/collapse"><b>org.openqa.selenium.NoSuchSessionException: Tried to run command without establishing a connection<br/>
Build info: version: &apos;3.141.59&apos;, revision: &apos;e82be7d358&apos;, time: &apos;2018-11-14T08:17:03&apos;<br/>
System info: host: &apos;10PNQ162794LT01&apos;, ip: &apos;10.240.57.221&apos;, os.name: &apos;Windows 10&apos;, os.arch: &apos;amd64&apos;, os.version: &apos;10.0&apos;, java.version: &apos;1.8.0_161&apos;<br/>
Driver info: org.openqa.selenium.firefox.FirefoxDriver<br/>
Capabilities {acceptInsecureCerts: true, browserName: firefox, browserVersion: 67.0.2, javascriptEnabled: true, moz:accessibilityChecks: false, moz:buildID: 20190607204818, moz:geckodriverVersion: 0.24.0, moz:headless: false, moz:processID: 17776, moz:profile: C:\Users\RaPatil\AppData\Lo..., moz:shutdownTimeout: 60000, moz:useNonSpecCompliantPointerOrigin: false, moz:webdriverClick: true, pageLoadStrategy: normal, platform: WINDOWS, platformName: WINDOWS, platformVersion: 10.0, rotatable: false, setWindowRect: true, strictFileInteractability: false, timeouts: {implicit: 0, pageLoad: 300000, script: 30000}, unhandledPromptBehavior: dismiss and notify}<br/>
Session ID: a95ff04d-3f17-459c-af39-0e21abcf80d2</b></a><br />
    <div class="stackTrace" id="exception-0">
              sun.reflect.NativeConstructorAccessorImpl.newInstance0(Native Method)<br />
              sun.reflect.NativeConstructorAccessorImpl.newInstance(NativeConstructorAccessorImpl.java:62)<br />
              sun.reflect.DelegatingConstructorAccessorImpl.newInstance(DelegatingConstructorAccessorImpl.java:45)<br />
              java.lang.reflect.Constructor.newInstance(Constructor.java:423)<br />
              org.openqa.selenium.remote.http.W3CHttpResponseCodec.createException(W3CHttpResponseCodec.java:187)<br />
              org.openqa.selenium.remote.http.W3CHttpResponseCodec.decode(W3CHttpResponseCodec.java:122)<br />
              org.openqa.selenium.remote.http.W3CHttpResponseCodec.decode(W3CHttpResponseCodec.java:49)<br />
              org.openqa.selenium.remote.HttpCommandExecutor.execute(HttpCommandExecutor.java:158)<br />
              org.openqa.selenium.remote.service.DriverCommandExecutor.execute(DriverCommandExecutor.java:83)<br />
              org.openqa.selenium.remote.RemoteWebDriver.execute(RemoteWebDriver.java:552)<br />
              org.openqa.selenium.remote.RemoteWebDriver.execute(RemoteWebDriver.java:609)<br />
              org.openqa.selenium.remote.RemoteWebDriver.quit(RemoteWebDriver.java:452)<br />
              pom.surveysetup.MainPage.quit(MainPage.java:67)<br />
              baseClass.TestBase.tearDown(TestBase.java:36)<br />
              sun.reflect.NativeMethodAccessorImpl.invoke0(Native Method)<br />
              sun.reflect.NativeMethodAccessorImpl.invoke(NativeMethodAccessorImpl.java:62)<br />
              sun.reflect.DelegatingMethodAccessorImpl.invoke(DelegatingMethodAccessorImpl.java:43)<br />
              java.lang.reflect.Method.invoke(Method.java:498)<br />
              org.testng.internal.MethodInvocationHelper.invokeMethod(MethodInvocationHelper.java:124)<br />
              org.testng.internal.MethodInvocationHelper.invokeMethodConsideringTimeout(MethodInvocationHelper.java:59)<br />
              org.testng.internal.Invoker.invokeConfigurationMethod(Invoker.java:458)<br />
              org.testng.internal.Invoker.invokeConfigurations(Invoker.java:222)<br />
              org.testng.internal.Invoker.invokeConfigurations(Invoker.java:142)<br />
              org.testng.SuiteRunner.privateRun(SuiteRunner.java:425)<br />
              org.testng.SuiteRunner.run(SuiteRunner.java:364)<br />
              org.testng.SuiteRunnerWorker.runSuite(SuiteRunnerWorker.java:52)<br />
              org.testng.SuiteRunnerWorker.run(SuiteRunnerWorker.java:84)<br />
              org.testng.TestNG.runSuitesSequentially(TestNG.java:1208)<br />
              org.testng.TestNG.runSuitesLocally(TestNG.java:1137)<br />
              org.testng.TestNG.runSuites(TestNG.java:1049)<br />
              org.testng.TestNG.run(TestNG.java:1017)<br />
              org.testng.remote.AbstractRemoteTestNG.run(AbstractRemoteTestNG.java:115)<br />
              org.testng.remote.RemoteTestNG.initAndRun(RemoteTestNG.java:251)<br />
              org.testng.remote.RemoteTestNG.main(RemoteTestNG.java:77)<br />
                </div>
      </td>
</tr>
    
      </table>


  <table class="resultsTable">
    <tr><th colspan="3" class="header failed">Failed Tests</th></tr>
          <tr>
        <td colspan="3" class="group">testCases.SurveySetupTest</td>
      </tr>
            
<tr>
  <td class="method">
                  surveySetupTest
      </td>
  <td class="duration">
    19.113s
  </td>
  <td class="result">
        
          <i>Method arguments: </i><span class="arguments">{StepID=St 100, Browser=chrome, Col3=NA, Col2=NA, Col1=NA, ClassNumber=0037644, Other3=NA, Other2=NA, Statutory =NA, Other1=NA, Function=MaxLogin, MarpolCategory=NA, EtoEModule=NA, Service=Chemical Code Certification (HSSC), Rule=NA, ClassNotation=NA, SolasCategory=NA, VesselAge=NA, Pre Requiste=NA, VesselName=NA, FileName=NA, Flag=NA, SheetName=NA}</span><br />
    
            <div class="testOutput">
                        Test  Started--surveySetupTest
                                <br>Test Failed---SURVEYSETUPTEST
                                <br><a href="D:\Ravindra\Automation_Selenium\PageObjectModel\Screenshots\18-08-2019\12-24-10 PM\testFail_surveySetupTest_12-24-30 PM.png" target="_blank">Screenshot Link</a>
                  </div>
    

        <a href="javascript:toggleElement('exception-1', 'block')" title="Click to expand/collapse"><b>org.openqa.selenium.NoSuchElementException: Unable to locate element: //table[@id=&apos;m6a7dfd2f_tbod-tbd&apos;]/tbody/tr/td[@class=&apos;tc cd&apos;]/span[contains(text(),&apos;0037644&apos;)]<br/>
For documentation on this error, please visit: https://www.seleniumhq.org/exceptions/no_such_element.html<br/>
Build info: version: &apos;3.141.59&apos;, revision: &apos;e82be7d358&apos;, time: &apos;2018-11-14T08:17:03&apos;<br/>
System info: host: &apos;10PNQ162794LT01&apos;, ip: &apos;10.240.57.221&apos;, os.name: &apos;Windows 10&apos;, os.arch: &apos;amd64&apos;, os.version: &apos;10.0&apos;, java.version: &apos;1.8.0_161&apos;<br/>
Driver info: org.openqa.selenium.firefox.FirefoxDriver<br/>
Capabilities {acceptInsecureCerts: true, browserName: firefox, browserVersion: 67.0.2, javascriptEnabled: true, moz:accessibilityChecks: false, moz:buildID: 20190607204818, moz:geckodriverVersion: 0.24.0, moz:headless: false, moz:processID: 17776, moz:profile: C:\Users\RaPatil\AppData\Lo..., moz:shutdownTimeout: 60000, moz:useNonSpecCompliantPointerOrigin: false, moz:webdriverClick: true, pageLoadStrategy: normal, platform: WINDOWS, platformName: WINDOWS, platformVersion: 10.0, rotatable: false, setWindowRect: true, strictFileInteractability: false, timeouts: {implicit: 0, pageLoad: 300000, script: 30000}, unhandledPromptBehavior: dismiss and notify}<br/>
Session ID: a95ff04d-3f17-459c-af39-0e21abcf80d2<br/>
*** Element info: {Using=xpath, value=//table[@id=&apos;m6a7dfd2f_tbod-tbd&apos;]/tbody/tr/td[@class=&apos;tc cd&apos;]/span[contains(text(),&apos;0037644&apos;)]}</b></a><br />
    <div class="stackTrace" id="exception-1">
              sun.reflect.NativeConstructorAccessorImpl.newInstance0(Native Method)<br />
              sun.reflect.NativeConstructorAccessorImpl.newInstance(NativeConstructorAccessorImpl.java:62)<br />
              sun.reflect.DelegatingConstructorAccessorImpl.newInstance(DelegatingConstructorAccessorImpl.java:45)<br />
              java.lang.reflect.Constructor.newInstance(Constructor.java:423)<br />
              org.openqa.selenium.remote.http.W3CHttpResponseCodec.createException(W3CHttpResponseCodec.java:187)<br />
              org.openqa.selenium.remote.http.W3CHttpResponseCodec.decode(W3CHttpResponseCodec.java:122)<br />
              org.openqa.selenium.remote.http.W3CHttpResponseCodec.decode(W3CHttpResponseCodec.java:49)<br />
              org.openqa.selenium.remote.HttpCommandExecutor.execute(HttpCommandExecutor.java:158)<br />
              org.openqa.selenium.remote.service.DriverCommandExecutor.execute(DriverCommandExecutor.java:83)<br />
              org.openqa.selenium.remote.RemoteWebDriver.execute(RemoteWebDriver.java:552)<br />
              org.openqa.selenium.remote.RemoteWebDriver.findElement(RemoteWebDriver.java:323)<br />
              org.openqa.selenium.remote.RemoteWebDriver.findElementByXPath(RemoteWebDriver.java:428)<br />
              org.openqa.selenium.By$ByXPath.findElement(By.java:353)<br />
              org.openqa.selenium.remote.RemoteWebDriver.findElement(RemoteWebDriver.java:315)<br />
              pom.surveysetup.SurveySetupHome.searchVessel(SurveySetupHome.java:29)<br />
              testCases.SurveySetupTest.surveySetupTest(SurveySetupTest.java:26)<br />
              sun.reflect.NativeMethodAccessorImpl.invoke0(Native Method)<br />
              sun.reflect.NativeMethodAccessorImpl.invoke(NativeMethodAccessorImpl.java:62)<br />
              sun.reflect.DelegatingMethodAccessorImpl.invoke(DelegatingMethodAccessorImpl.java:43)<br />
              java.lang.reflect.Method.invoke(Method.java:498)<br />
              org.testng.internal.MethodInvocationHelper.invokeMethod(MethodInvocationHelper.java:124)<br />
              org.testng.internal.Invoker.invokeMethod(Invoker.java:583)<br />
              org.testng.internal.Invoker.invokeTestMethod(Invoker.java:719)<br />
              org.testng.internal.Invoker.invokeTestMethods(Invoker.java:989)<br />
              org.testng.internal.TestMethodWorker.invokeTestMethods(TestMethodWorker.java:125)<br />
              org.testng.internal.TestMethodWorker.run(TestMethodWorker.java:109)<br />
              org.testng.TestRunner.privateRun(TestRunner.java:648)<br />
              org.testng.TestRunner.run(TestRunner.java:505)<br />
              org.testng.SuiteRunner.runTest(SuiteRunner.java:455)<br />
              org.testng.SuiteRunner.runSequentially(SuiteRunner.java:450)<br />
              org.testng.SuiteRunner.privateRun(SuiteRunner.java:415)<br />
              org.testng.SuiteRunner.run(SuiteRunner.java:364)<br />
              org.testng.SuiteRunnerWorker.runSuite(SuiteRunnerWorker.java:52)<br />
              org.testng.SuiteRunnerWorker.run(SuiteRunnerWorker.java:84)<br />
              org.testng.TestNG.runSuitesSequentially(TestNG.java:1208)<br />
              org.testng.TestNG.runSuitesLocally(TestNG.java:1137)<br />
              org.testng.TestNG.runSuites(TestNG.java:1049)<br />
              org.testng.TestNG.run(TestNG.java:1017)<br />
              org.testng.remote.AbstractRemoteTestNG.run(AbstractRemoteTestNG.java:115)<br />
              org.testng.remote.RemoteTestNG.initAndRun(RemoteTestNG.java:251)<br />
              org.testng.remote.RemoteTestNG.main(RemoteTestNG.java:77)<br />
                </div>
      </td>
</tr>
      </table>


  
</body>
</html>
