<?xml version="1.0" encoding="UTF-8"?>
<!-- Generated by org.testng.reporters.JUnitXMLReporter -->
<testsuite hostname="10PNQ162794LT01" ignored="0" name="Test-Page Object Model" tests="1" failures="1" timestamp="18 Aug 2019 06:54:31 GMT" time="31.82" errors="0">
  <testcase name="surveySetupTest" time="19.113" classname="testCases.SurveySetupTest">
    <failure type="org.openqa.selenium.NoSuchElementException" message="Unable to locate element: //table[@id=&amp;apos;m6a7dfd2f_tbod-tbd&amp;apos;]/tbody/tr/td[@class=&amp;apos;tc cd&amp;apos;]/span[contains(text(),&amp;apos;0037644&amp;apos;)]
For documentation on this error, please visit: https://www.seleniumhq.org/exceptions/no_such_element.html
Build info: version: &amp;apos;3.141.59&amp;apos;, revision: &amp;apos;e82be7d358&amp;apos;, time: &amp;apos;2018-11-14T08:17:03&amp;apos;
System info: host: &amp;apos;10PNQ162794LT01&amp;apos;, ip: &amp;apos;10.240.57.221&amp;apos;, os.name: &amp;apos;Windows 10&amp;apos;, os.arch: &amp;apos;amd64&amp;apos;, os.version: &amp;apos;10.0&amp;apos;, java.version: &amp;apos;1.8.0_161&amp;apos;
Driver info: org.openqa.selenium.firefox.FirefoxDriver
Capabilities {acceptInsecureCerts: true, browserName: firefox, browserVersion: 67.0.2, javascriptEnabled: true, moz:accessibilityChecks: false, moz:buildID: 20190607204818, moz:geckodriverVersion: 0.24.0, moz:headless: false, moz:processID: 17776, moz:profile: C:\Users\RaPatil\AppData\Lo..., moz:shutdownTimeout: 60000, moz:useNonSpecCompliantPointerOrigin: false, moz:webdriverClick: true, pageLoadStrategy: normal, platform: WINDOWS, platformName: WINDOWS, platformVersion: 10.0, rotatable: false, setWindowRect: true, strictFileInteractability: false, timeouts: {implicit: 0, pageLoad: 300000, script: 30000}, unhandledPromptBehavior: dismiss and notify}
Session ID: a95ff04d-3f17-459c-af39-0e21abcf80d2
*** Element info: {Using=xpath, value=//table[@id=&amp;apos;m6a7dfd2f_tbod-tbd&amp;apos;]/tbody/tr/td[@class=&amp;apos;tc cd&amp;apos;]/span[contains(text(),&amp;apos;0037644&amp;apos;)]}">
      <![CDATA[org.openqa.selenium.NoSuchElementException: Unable to locate element: //table[@id='m6a7dfd2f_tbod-tbd']/tbody/tr/td[@class='tc cd']/span[contains(text(),'0037644')]
For documentation on this error, please visit: https://www.seleniumhq.org/exceptions/no_such_element.html
Build info: version: '3.141.59', revision: 'e82be7d358', time: '2018-11-14T08:17:03'
System info: host: '10PNQ162794LT01', ip: '10.240.57.221', os.name: 'Windows 10', os.arch: 'amd64', os.version: '10.0', java.version: '1.8.0_161'
Driver info: org.openqa.selenium.firefox.FirefoxDriver
Capabilities {acceptInsecureCerts: true, browserName: firefox, browserVersion: 67.0.2, javascriptEnabled: true, moz:accessibilityChecks: false, moz:buildID: 20190607204818, moz:geckodriverVersion: 0.24.0, moz:headless: false, moz:processID: 17776, moz:profile: C:\Users\RaPatil\AppData\Lo..., moz:shutdownTimeout: 60000, moz:useNonSpecCompliantPointerOrigin: false, moz:webdriverClick: true, pageLoadStrategy: normal, platform: WINDOWS, platformName: WINDOWS, platformVersion: 10.0, rotatable: false, setWindowRect: true, strictFileInteractability: false, timeouts: {implicit: 0, pageLoad: 300000, script: 30000}, unhandledPromptBehavior: dismiss and notify}
Session ID: a95ff04d-3f17-459c-af39-0e21abcf80d2
*** Element info: {Using=xpath, value=//table[@id='m6a7dfd2f_tbod-tbd']/tbody/tr/td[@class='tc cd']/span[contains(text(),'0037644')]}
at org.openqa.selenium.remote.http.W3CHttpResponseCodec.createException(W3CHttpResponseCodec.java:187)
at org.openqa.selenium.remote.http.W3CHttpResponseCodec.decode(W3CHttpResponseCodec.java:122)
at org.openqa.selenium.remote.http.W3CHttpResponseCodec.decode(W3CHttpResponseCodec.java:49)
at org.openqa.selenium.remote.HttpCommandExecutor.execute(HttpCommandExecutor.java:158)
at org.openqa.selenium.remote.service.DriverCommandExecutor.execute(DriverCommandExecutor.java:83)
at org.openqa.selenium.remote.RemoteWebDriver.execute(RemoteWebDriver.java:552)
at org.openqa.selenium.remote.RemoteWebDriver.findElement(RemoteWebDriver.java:323)
at org.openqa.selenium.remote.RemoteWebDriver.findElementByXPath(RemoteWebDriver.java:428)
at org.openqa.selenium.By$ByXPath.findElement(By.java:353)
at org.openqa.selenium.remote.RemoteWebDriver.findElement(RemoteWebDriver.java:315)
at pom.surveysetup.SurveySetupHome.searchVessel(SurveySetupHome.java:29)
at testCases.SurveySetupTest.surveySetupTest(SurveySetupTest.java:26)
... Removed 29 stack frames]]>
    </failure>
  </testcase> <!-- surveySetupTest -->
</testsuite> <!-- Test-Page Object Model -->
