<html>
<head>
<title>TestNG:  Test-DataDrivenFramework</title>
<link href="../testng.css" rel="stylesheet" type="text/css" />
<link href="../my-testng.css" rel="stylesheet" type="text/css" />

<style type="text/css">
.log { display: none;} 
.stack-trace { display: none;} 
</style>
<script type="text/javascript">
<!--
function flip(e) {
  current = e.style.display;
  if (current == 'block') {
    e.style.display = 'none';
    return 0;
  }
  else {
    e.style.display = 'block';
    return 1;
  }
}

function toggleBox(szDivId, elem, msg1, msg2)
{
  var res = -1;  if (document.getElementById) {
    res = flip(document.getElementById(szDivId));
  }
  else if (document.all) {
    // this is the way old msie versions work
    res = flip(document.all[szDivId]);
  }
  if(elem) {
    if(res == 0) elem.innerHTML = msg1; else elem.innerHTML = msg2;
  }

}

function toggleAllBoxes() {
  if (document.getElementsByTagName) {
    d = document.getElementsByTagName('div');
    for (i = 0; i < d.length; i++) {
      if (d[i].className == 'log') {
        flip(d[i]);
      }
    }
  }
}

// -->
</script>

</head>
<body>
<h2 align='center'>Test-DataDrivenFramework</h2><table border='1' align="center">
<tr>
<td>Tests passed/Failed/Skipped:</td><td>0/0/2</td>
</tr><tr>
<td>Started on:</td><td>Thu Jul 25 12:08:59 IST 2019</td>
</tr>
<tr><td>Total time:</td><td>12 seconds (12506 ms)</td>
</tr><tr>
<td>Included groups:</td><td></td>
</tr><tr>
<td>Excluded groups:</td><td></td>
</tr>
</table><p/>
<small><i>(Hover the method name to see the test class name)</i></small><p/>
<table width='100%' border='1' class='invocation-skipped'>
<tr><td colspan='4' align='center'><b>SKIPPED TESTS</b></td></tr>
<tr><td><b>Test method</b></td>
<td width="30%"><b>Exception</b></td>
<td width="10%"><b>Time (seconds)</b></td>
<td><b>Instance</b></td>
</tr>
<tr>
<td title='testCases.SurveySetupTest.surveySetupTest()'><b>surveySetupTest</b><br>Test class: testCases.SurveySetupTest<br>Parameters: {StepID=St 100, Browser=chrome, Col3=NA, Col2=NA, Col1=NA, ClassNumber=0037644, Other3=NA, Other2=NA, Statutory =NA, Other1=NA, Function=MaxLogin, MarpolCategory=NA, EtoEModule=NA, Service=Chemical Code Certification (HSSC), Rule=NA, ClassNotation=NA, SolasCategory=NA, VesselAge=NA, Pre Requiste=NA, VesselName=NA, FileName=NA, Flag=NA, SheetName=NA}<br/>
<a href="#Output-673672784" onClick='toggleBox("Output-673672784", this, "Show output", "Hide output");'>Show output</a>

<a href="#Output-673672784" onClick="toggleAllBoxes();">Show all outputs</a>
<div class='log' id="Output-673672784">
Test  Started--surveySetupTest<br/>
</div>
</td>
<td><div><pre>org.testng.SkipException: Skipping the test surveySetupTest as run mode is not set to &quot;Y&quot;
	at testCases.SurveySetupTest.surveySetupTest(SurveySetupTest.java:21)
... Removed 25 stack frames</pre></div><a href='#' onClick='toggleBox("stack-trace673672784", this, "Click to show all stack frames", "Click to hide stack frames")'>Click to show all stack frames</a>
<div class='stack-trace' id='stack-trace673672784'><pre>org.testng.SkipException: Skipping the test surveySetupTest as run mode is not set to &quot;Y&quot;
	at testCases.SurveySetupTest.surveySetupTest(SurveySetupTest.java:21)
	at sun.reflect.NativeMethodAccessorImpl.invoke0(Native Method)
	at sun.reflect.NativeMethodAccessorImpl.invoke(NativeMethodAccessorImpl.java:62)
	at sun.reflect.DelegatingMethodAccessorImpl.invoke(DelegatingMethodAccessorImpl.java:43)
	at java.lang.reflect.Method.invoke(Method.java:498)
	at org.testng.internal.MethodInvocationHelper.invokeMethod(MethodInvocationHelper.java:124)
	at org.testng.internal.Invoker.invokeMethod(Invoker.java:583)
	at org.testng.internal.Invoker.invokeTestMethod(Invoker.java:719)
	at org.testng.internal.Invoker.invokeTestMethods(Invoker.java:989)
	at org.testng.internal.TestMethodWorker.invokeTestMethods(TestMethodWorker.java:125)
	at org.testng.internal.TestMethodWorker.run(TestMethodWorker.java:109)
	at org.testng.TestRunner.privateRun(TestRunner.java:648)
	at org.testng.TestRunner.run(TestRunner.java:505)
	at org.testng.SuiteRunner.runTest(SuiteRunner.java:455)
	at org.testng.SuiteRunner.runSequentially(SuiteRunner.java:450)
	at org.testng.SuiteRunner.privateRun(SuiteRunner.java:415)
	at org.testng.SuiteRunner.run(SuiteRunner.java:364)
	at org.testng.SuiteRunnerWorker.runSuite(SuiteRunnerWorker.java:52)
	at org.testng.SuiteRunnerWorker.run(SuiteRunnerWorker.java:84)
	at org.testng.TestNG.runSuitesSequentially(TestNG.java:1208)
	at org.testng.TestNG.runSuitesLocally(TestNG.java:1137)
	at org.testng.TestNG.runSuites(TestNG.java:1049)
	at org.testng.TestNG.run(TestNG.java:1017)
	at org.testng.remote.AbstractRemoteTestNG.run(AbstractRemoteTestNG.java:115)
	at org.testng.remote.RemoteTestNG.initAndRun(RemoteTestNG.java:251)
	at org.testng.remote.RemoteTestNG.main(RemoteTestNG.java:77)
</pre></div></td>
<td>0</td>
<td>testCases.SurveySetupTest@18a70f16</td></tr>
<tr>
<td title='testCases.SurveySetupTest.surveySetupTest()'><b>surveySetupTest</b><br>Test class: testCases.SurveySetupTest<br>Parameters: {StepID=n, Browser=chrome, Col3=, Col2=, Col1=, ClassNumber=, Other3=, Other2=, Statutory =, Other1=, Function=MaxLogin, MarpolCategory=, EtoEModule=, Service=, Rule=, ClassNotation=, SolasCategory=, VesselAge=, Pre Requiste=Other vessel- CDC TUG- 02222229, VesselName=, FileName=, Flag=The Hong Kong Special Administrative Region of the People's Republic of China, SheetName=}<br/>
<a href="#Output-708443754" onClick='toggleBox("Output-708443754", this, "Show output", "Hide output");'>Show output</a>

<a href="#Output-708443754" onClick="toggleAllBoxes();">Show all outputs</a>
<div class='log' id="Output-708443754">
Test  Started--surveySetupTest<br/>
</div>
</td>
<td><div><pre>org.testng.SkipException: Skipping the test surveySetupTest as run mode is not set to &quot;Y&quot;
	at testCases.SurveySetupTest.surveySetupTest(SurveySetupTest.java:21)
... Removed 25 stack frames</pre></div><a href='#' onClick='toggleBox("stack-trace708443754", this, "Click to show all stack frames", "Click to hide stack frames")'>Click to show all stack frames</a>
<div class='stack-trace' id='stack-trace708443754'><pre>org.testng.SkipException: Skipping the test surveySetupTest as run mode is not set to &quot;Y&quot;
	at testCases.SurveySetupTest.surveySetupTest(SurveySetupTest.java:21)
	at sun.reflect.NativeMethodAccessorImpl.invoke0(Native Method)
	at sun.reflect.NativeMethodAccessorImpl.invoke(NativeMethodAccessorImpl.java:62)
	at sun.reflect.DelegatingMethodAccessorImpl.invoke(DelegatingMethodAccessorImpl.java:43)
	at java.lang.reflect.Method.invoke(Method.java:498)
	at org.testng.internal.MethodInvocationHelper.invokeMethod(MethodInvocationHelper.java:124)
	at org.testng.internal.Invoker.invokeMethod(Invoker.java:583)
	at org.testng.internal.Invoker.invokeTestMethod(Invoker.java:719)
	at org.testng.internal.Invoker.invokeTestMethods(Invoker.java:989)
	at org.testng.internal.TestMethodWorker.invokeTestMethods(TestMethodWorker.java:125)
	at org.testng.internal.TestMethodWorker.run(TestMethodWorker.java:109)
	at org.testng.TestRunner.privateRun(TestRunner.java:648)
	at org.testng.TestRunner.run(TestRunner.java:505)
	at org.testng.SuiteRunner.runTest(SuiteRunner.java:455)
	at org.testng.SuiteRunner.runSequentially(SuiteRunner.java:450)
	at org.testng.SuiteRunner.privateRun(SuiteRunner.java:415)
	at org.testng.SuiteRunner.run(SuiteRunner.java:364)
	at org.testng.SuiteRunnerWorker.runSuite(SuiteRunnerWorker.java:52)
	at org.testng.SuiteRunnerWorker.run(SuiteRunnerWorker.java:84)
	at org.testng.TestNG.runSuitesSequentially(TestNG.java:1208)
	at org.testng.TestNG.runSuitesLocally(TestNG.java:1137)
	at org.testng.TestNG.runSuites(TestNG.java:1049)
	at org.testng.TestNG.run(TestNG.java:1017)
	at org.testng.remote.AbstractRemoteTestNG.run(AbstractRemoteTestNG.java:115)
	at org.testng.remote.RemoteTestNG.initAndRun(RemoteTestNG.java:251)
	at org.testng.remote.RemoteTestNG.main(RemoteTestNG.java:77)
</pre></div></td>
<td>0</td>
<td>testCases.SurveySetupTest@18a70f16</td></tr>
</table><p>
</body>
</html>